SF:lib\model\Book.dart
DA:10,1
DA:12,0
DA:14,0
DA:15,0
DA:18,0
DA:20,0
DA:21,0
DA:24,0
DA:26,0
DA:27,0
DA:30,0
DA:32,0
DA:33,0
DA:36,0
DA:38,0
DA:41,0
DA:44,0
DA:46,1
DA:47,2
LF:19
LH:3
end_of_record
SF:lib\repository\BookRepository.dart
DA:8,1
DA:9,2
DA:13,0
DA:14,0
DA:15,0
DA:18,0
DA:19,0
DA:22,0
DA:23,0
DA:25,0
DA:26,0
DA:29,0
DA:34,0
DA:35,0
DA:36,0
DA:41,1
DA:42,1
DA:43,1
DA:44,1
LF:19
LH:6
end_of_record
SF:lib\service\BookService.dart
DA:8,1
DA:9,2
DA:12,0
DA:14,0
DA:16,0
DA:20,0
DA:23,0
DA:24,0
DA:27,0
DA:28,0
DA:29,0
DA:31,0
LF:12
LH:2
end_of_record
SF:lib\service\FilterService.dart
DA:13,1
DA:14,1
DA:15,0
DA:17,2
LF:4
LH:3
end_of_record
