SF:lib\model\Book.dart
DA:10,1
DA:12,2
DA:14,1
DA:15,1
DA:18,2
DA:20,0
DA:21,0
DA:24,2
DA:26,0
DA:27,0
DA:30,2
DA:32,0
DA:33,0
DA:36,0
DA:38,0
DA:41,1
DA:44,0
DA:46,1
DA:47,2
LF:19
LH:10
end_of_record
SF:lib\service\BookService.dart
DA:8,1
DA:9,2
DA:12,1
DA:14,2
DA:16,2
DA:20,1
DA:23,1
DA:24,2
DA:27,1
DA:28,1
DA:29,1
DA:31,2
LF:12
LH:12
end_of_record
SF:lib\repository\BookRepository.dart
DA:8,1
DA:9,2
DA:13,1
DA:14,1
DA:15,4
DA:18,1
DA:19,2
DA:22,1
DA:23,1
DA:25,2
DA:26,0
DA:29,1
DA:34,1
DA:35,5
DA:36,2
LF:15
LH:14
end_of_record
